<?xml version="1.0" encoding="UTF-8"?>
<robot generator="Robot 4.1.3 (Python 3.10.2 on win32)" generated="20220224 21:21:42.022" rpa="false" schemaversion="2">
<suite id="s1" name="Main" source="C:\Users\jvaquerizo\PycharmProjects\redhat\main.robot">
<test id="s1-t1" name="Create a new PLOT">
<kw name="Open Browser" library="Selenium2Library" type="SETUP">
<arg>${URL}</arg>
<arg>${BROWSER}</arg>
<doc>Opens a new browser instance to the optional ``url``.</doc>
<msg timestamp="20220224 21:21:42.407" level="INFO">Opening browser 'Chrome' to base url 'http://localhost:8888/?token=d6c1f619f2abdb3a31ce2a57f1c31bacca55352ace7e3c76'.</msg>
<status status="PASS" starttime="20220224 21:21:42.407" endtime="20220224 21:21:45.590"/>
</kw>
<kw name="Wait Until Element Is Visible" library="Selenium2Library">
<arg>${logo}</arg>
<doc>Waits until the element ``locator`` is visible.</doc>
<status status="PASS" starttime="20220224 21:21:45.591" endtime="20220224 21:21:45.727"/>
</kw>
<kw name="Capture Page Screenshot" library="Selenium2Library">
<doc>Takes a screenshot of the current page and embeds it into a log file.</doc>
<msg timestamp="20220224 21:21:45.872" level="INFO" html="true">&lt;/td&gt;&lt;/tr&gt;&lt;tr&gt;&lt;td colspan="3"&gt;&lt;a href="selenium-screenshot-6.png"&gt;&lt;img src="selenium-screenshot-6.png" width="800px"&gt;&lt;/a&gt;</msg>
<status status="PASS" starttime="20220224 21:21:45.727" endtime="20220224 21:21:45.872"/>
</kw>
<kw name="Click Element" library="Selenium2Library">
<arg>${select_notebook}</arg>
<doc>Click the element identified by ``locator``.</doc>
<msg timestamp="20220224 21:21:45.872" level="INFO">Clicking element 'xpath=//*[@id="notebook_list"]/div[4]/div/a/span'.</msg>
<status status="PASS" starttime="20220224 21:21:45.872" endtime="20220224 21:21:45.933"/>
</kw>
<kw name="Capture Page Screenshot" library="Selenium2Library">
<doc>Takes a screenshot of the current page and embeds it into a log file.</doc>
<msg timestamp="20220224 21:21:46.048" level="INFO" html="true">&lt;/td&gt;&lt;/tr&gt;&lt;tr&gt;&lt;td colspan="3"&gt;&lt;a href="selenium-screenshot-7.png"&gt;&lt;img src="selenium-screenshot-7.png" width="800px"&gt;&lt;/a&gt;</msg>
<status status="PASS" starttime="20220224 21:21:45.933" endtime="20220224 21:21:46.048"/>
</kw>
<kw name="Switch Window" library="Selenium2Library">
<arg>new</arg>
<doc>Switches to browser window matching ``locator``.</doc>
<status status="PASS" starttime="20220224 21:21:46.048" endtime="20220224 21:21:46.062"/>
</kw>
<kw name="Wait Until Element Is Visible" library="Selenium2Library">
<arg>${logo}</arg>
<doc>Waits until the element ``locator`` is visible.</doc>
<status status="PASS" starttime="20220224 21:21:46.062" endtime="20220224 21:21:47.193"/>
</kw>
<kw name="Capture Page Screenshot" library="Selenium2Library">
<doc>Takes a screenshot of the current page and embeds it into a log file.</doc>
<msg timestamp="20220224 21:21:47.402" level="INFO" html="true">&lt;/td&gt;&lt;/tr&gt;&lt;tr&gt;&lt;td colspan="3"&gt;&lt;a href="selenium-screenshot-8.png"&gt;&lt;img src="selenium-screenshot-8.png" width="800px"&gt;&lt;/a&gt;</msg>
<status status="PASS" starttime="20220224 21:21:47.193" endtime="20220224 21:21:47.402"/>
</kw>
<kw name="Click Element" library="Selenium2Library">
<arg>${cell_menu}</arg>
<doc>Click the element identified by ``locator``.</doc>
<msg timestamp="20220224 21:21:47.402" level="INFO">Clicking element 'id:celllink'.</msg>
<status status="PASS" starttime="20220224 21:21:47.402" endtime="20220224 21:21:47.456"/>
</kw>
<kw name="Click Element" library="Selenium2Library">
<arg>${run_all_cell}</arg>
<doc>Click the element identified by ``locator``.</doc>
<msg timestamp="20220224 21:21:47.457" level="INFO">Clicking element 'id:run_all_cells'.</msg>
<status status="PASS" starttime="20220224 21:21:47.457" endtime="20220224 21:21:47.515"/>
</kw>
<kw name="Capture Page Screenshot" library="Selenium2Library">
<doc>Takes a screenshot of the current page and embeds it into a log file.</doc>
<msg timestamp="20220224 21:21:47.685" level="INFO" html="true">&lt;/td&gt;&lt;/tr&gt;&lt;tr&gt;&lt;td colspan="3"&gt;&lt;a href="selenium-screenshot-9.png"&gt;&lt;img src="selenium-screenshot-9.png" width="800px"&gt;&lt;/a&gt;</msg>
<status status="PASS" starttime="20220224 21:21:47.516" endtime="20220224 21:21:47.685"/>
</kw>
<kw name="Wait Until Element Is Visible" library="Selenium2Library">
<arg>${plot}</arg>
<doc>Waits until the element ``locator`` is visible.</doc>
<status status="PASS" starttime="20220224 21:21:47.685" endtime="20220224 21:21:48.338"/>
</kw>
<kw name="Scroll Element Into View" library="Selenium2Library">
<arg>${plot}</arg>
<doc>Scrolls the element identified by ``locator`` into view.</doc>
<status status="PASS" starttime="20220224 21:21:48.338" endtime="20220224 21:21:48.622"/>
</kw>
<kw name="Capture Page Screenshot" library="Selenium2Library">
<doc>Takes a screenshot of the current page and embeds it into a log file.</doc>
<msg timestamp="20220224 21:21:48.721" level="INFO" html="true">&lt;/td&gt;&lt;/tr&gt;&lt;tr&gt;&lt;td colspan="3"&gt;&lt;a href="selenium-screenshot-10.png"&gt;&lt;img src="selenium-screenshot-10.png" width="800px"&gt;&lt;/a&gt;</msg>
<status status="PASS" starttime="20220224 21:21:48.622" endtime="20220224 21:21:48.721"/>
</kw>
<kw name="Close All Browsers" library="Selenium2Library" type="TEARDOWN">
<doc>Closes all open browsers and resets the browser cache.</doc>
<status status="PASS" starttime="20220224 21:21:48.721" endtime="20220224 21:21:51.396"/>
</kw>
<status status="PASS" starttime="20220224 21:21:42.407" endtime="20220224 21:21:51.396"/>
</test>
<status status="PASS" starttime="20220224 21:21:42.038" endtime="20220224 21:21:51.396"/>
</suite>
<statistics>
<total>
<stat pass="1" fail="0" skip="0">All Tests</stat>
</total>
<tag>
</tag>
<suite>
<stat pass="1" fail="0" skip="0" id="s1" name="Main">Main</stat>
</suite>
</statistics>
<errors>
</errors>
</robot>
